# JRE version: OpenJDK Runtime Environment Zulu11.50+19-CA (11.0.12+7) (build 11.0.12+7-LTS)
# Java VM: OpenJDK 64-Bit Server VM Zulu11.50+19-CA (11.0.12+7-LTS, mixed mode, tiered, compressed oops, g1 gc, windows-amd64)
Heap:
 garbage-first heap   total 187392K, used 88888K [0x0000000080000000, 0x0000000100000000)
  region size 1024K, 20 young (20480K), 8 survivors (8192K)
 Metaspace       used 89170K, capacity 91411K, committed 91612K, reserved 1128448K
  class space    used 11500K, capacity 12309K, committed 12364K, reserved 1048576K
GC Heap History (20 events):
Event: 7.895 GC heap before
{Heap before GC invocations=10 (full 0):
 garbage-first heap   total 155648K, used 107033K [0x0000000080000000, 0x0000000100000000)
  region size 1024K, 69 young (70656K), 8 survivors (8192K)
 Metaspace       used 57922K, capacity 59296K, committed 59548K, reserved 1101824K
  class space    used 7343K, capacity 7800K, committed 7884K, reserved 1048576K
}
Event: 7.905 GC heap after
{Heap after GC invocations=11 (full 0):
 garbage-first heap   total 155648K, used 48836K [0x0000000080000000, 0x0000000100000000)
  region size 1024K, 4 young (4096K), 4 survivors (4096K)
 Metaspace       used 57922K, capacity 59296K, committed 59548K, reserved 1101824K
  class space    used 7343K, capacity 7800K, committed 7884K, reserved 1048576K
}
Event: 8.320 GC heap before
{Heap before GC invocations=11 (full 0):
 garbage-first heap   total 155648K, used 60100K [0x0000000080000000, 0x0000000100000000)
  region size 1024K, 16 young (16384K), 4 survivors (4096K)
 Metaspace       used 59112K, capacity 60520K, committed 60636K, reserved 1101824K
  class space    used 7486K, capacity 7970K, committed 8012K, reserved 1048576K
}
Event: 8.327 GC heap after
{Heap after GC invocations=12 (full 0):
 garbage-first heap   total 155648K, used 49755K [0x0000000080000000, 0x0000000100000000)
  region size 1024K, 5 young (5120K), 5 survivors (5120K)
 Metaspace       used 59112K, capacity 60520K, committed 60636K, reserved 1101824K
  class space    used 7486K, capacity 7970K, committed 8012K, reserved 1048576K
}
Event: 9.175 GC heap before
{Heap before GC invocations=13 (full 0):
 garbage-first heap   total 155648K, used 97883K [0x0000000080000000, 0x0000000100000000)
  region size 1024K, 51 young (52224K), 5 survivors (5120K)
 Metaspace       used 63011K, capacity 64467K, committed 64732K, reserved 1105920K
  class space    used 7946K, capacity 8467K, committed 8524K, reserved 1048576K
}
Event: 9.183 GC heap after
{Heap after GC invocations=14 (full 0):
 garbage-first heap   total 155648K, used 53180K [0x0000000080000000, 0x0000000100000000)
  region size 1024K, 5 young (5120K), 5 survivors (5120K)
 Metaspace       used 63011K, capacity 64467K, committed 64732K, reserved 1105920K
  class space    used 7946K, capacity 8467K, committed 8524K, reserved 1048576K
}
Event: 9.936 GC heap before
{Heap before GC invocations=14 (full 0):
 garbage-first heap   total 155648K, used 101308K [0x0000000080000000, 0x0000000100000000)
  region size 1024K, 52 young (53248K), 5 survivors (5120K)
 Metaspace       used 67679K, capacity 69120K, committed 69340K, reserved 1110016K
  class space    used 8709K, capacity 9249K, committed 9292K, reserved 1048576K
}
Event: 9.944 GC heap after
{Heap after GC invocations=15 (full 0):
 garbage-first heap   total 155648K, used 56656K [0x0000000080000000, 0x0000000100000000)
  region size 1024K, 7 young (7168K), 7 survivors (7168K)
 Metaspace       used 67679K, capacity 69120K, committed 69340K, reserved 1110016K
  class space    used 8709K, capacity 9249K, committed 9292K, reserved 1048576K
}
Event: 11.592 GC heap before
{Heap before GC invocations=15 (full 0):
 garbage-first heap   total 155648K, used 106832K [0x0000000080000000, 0x0000000100000000)
  region size 1024K, 56 young (57344K), 7 survivors (7168K)
 Metaspace       used 72610K, capacity 74172K, committed 74460K, reserved 1114112K
  class space    used 9440K, capacity 10006K, committed 10060K, reserved 1048576K
}
Event: 11.600 GC heap after
{Heap after GC invocations=16 (full 0):
 garbage-first heap   total 155648K, used 59554K [0x0000000080000000, 0x0000000100000000)
  region size 1024K, 7 young (7168K), 7 survivors (7168K)
 Metaspace       used 72610K, capacity 74172K, committed 74460K, reserved 1114112K
  class space    used 9440K, capacity 10006K, committed 10060K, reserved 1048576K
}
Event: 12.353 GC heap before
{Heap before GC invocations=16 (full 0):
 garbage-first heap   total 155648K, used 109730K [0x0000000080000000, 0x0000000100000000)
  region size 1024K, 57 young (58368K), 7 survivors (7168K)
 Metaspace       used 78140K, capacity 79854K, committed 80092K, reserved 1118208K
  class space    used 10076K, capacity 10701K, committed 10828K, reserved 1048576K
}
Event: 12.362 GC heap after
{Heap after GC invocations=17 (full 0):
 garbage-first heap   total 155648K, used 63460K [0x0000000080000000, 0x0000000100000000)
  region size 1024K, 7 young (7168K), 7 survivors (7168K)
 Metaspace       used 78140K, capacity 79854K, committed 80092K, reserved 1118208K
  class space    used 10076K, capacity 10701K, committed 10828K, reserved 1048576K
}
Event: 13.111 GC heap before
{Heap before GC invocations=17 (full 0):
 garbage-first heap   total 155648K, used 113636K [0x0000000080000000, 0x0000000100000000)
  region size 1024K, 57 young (58368K), 7 survivors (7168K)
 Metaspace       used 80588K, capacity 82508K, committed 82780K, reserved 1120256K
  class space    used 10440K, capacity 11134K, committed 11212K, reserved 1048576K
}
Event: 13.120 GC heap after
{Heap after GC invocations=18 (full 0):
 garbage-first heap   total 155648K, used 67462K [0x0000000080000000, 0x0000000100000000)
  region size 1024K, 8 young (8192K), 8 survivors (8192K)
 Metaspace       used 80588K, capacity 82508K, committed 82780K, reserved 1120256K
  class space    used 10440K, capacity 11134K, committed 11212K, reserved 1048576K
}
Event: 13.927 GC heap before
{Heap before GC invocations=18 (full 0):
 garbage-first heap   total 155648K, used 116614K [0x0000000080000000, 0x0000000100000000)
  region size 1024K, 57 young (58368K), 8 survivors (8192K)
 Metaspace       used 81172K, capacity 83049K, committed 83292K, reserved 1122304K
  class space    used 10459K, capacity 11146K, committed 11212K, reserved 1048576K
}
Event: 13.937 GC heap after
{Heap after GC invocations=19 (full 0):
 garbage-first heap   total 155648K, used 70490K [0x0000000080000000, 0x0000000100000000)
  region size 1024K, 7 young (7168K), 7 survivors (7168K)
 Metaspace       used 81172K, capacity 83049K, committed 83292K, reserved 1122304K
  class space    used 10459K, capacity 11146K, committed 11212K, reserved 1048576K
}
Event: 15.320 GC heap before
{Heap before GC invocations=19 (full 0):
 garbage-first heap   total 155648K, used 119642K [0x0000000080000000, 0x0000000100000000)
  region size 1024K, 56 young (57344K), 7 survivors (7168K)
 Metaspace       used 81789K, capacity 83791K, committed 83932K, reserved 1122304K
  class space    used 10525K, capacity 11223K, committed 11340K, reserved 1048576K
}
Event: 15.331 GC heap after
{Heap after GC invocations=20 (full 0):
 garbage-first heap   total 187392K, used 73350K [0x0000000080000000, 0x0000000100000000)
  region size 1024K, 6 young (6144K), 6 survivors (6144K)
 Metaspace       used 81789K, capacity 83791K, committed 83932K, reserved 1122304K
  class space    used 10525K, capacity 11223K, committed 11340K, reserved 1048576K
}
Event: 16.957 GC heap before
{Heap before GC invocations=20 (full 0):
 garbage-first heap   total 187392K, used 138886K [0x0000000080000000, 0x0000000100000000)
  region size 1024K, 70 young (71680K), 6 survivors (6144K)
 Metaspace       used 87448K, capacity 89498K, committed 89820K, reserved 1126400K
  class space    used 11237K, capacity 11973K, committed 12108K, reserved 1048576K
}
Event: 16.965 GC heap after
{Heap after GC invocations=21 (full 0):
 garbage-first heap   total 187392K, used 77624K [0x0000000080000000, 0x0000000100000000)
  region size 1024K, 8 young (8192K), 8 survivors (8192K)
 Metaspace       used 87448K, capacity 89498K, committed 89820K, reserved 1126400K
  class space    used 11237K, capacity 11973K, committed 12108K, reserved 1048576K
}

