# JRE version: OpenJDK Runtime Environment Zulu11.50+19-CA (11.0.12+7) (build 11.0.12+7-LTS)
# Java VM: OpenJDK 64-Bit Server VM Zulu11.50+19-CA (11.0.12+7-LTS, mixed mode, tiered, compressed oops, g1 gc, windows-amd64)
Heap:
 garbage-first heap   total 129024K, used 97302K [0x0000000080000000, 0x0000000100000000)
  region size 1024K, 50 young (51200K), 6 survivors (6144K)
 Metaspace       used 67298K, capacity 68793K, committed 68956K, reserved 1110016K
  class space    used 8645K, capacity 9182K, committed 9248K, reserved 1048576K
GC Heap History (20 events):
Event: 13.875 GC heap before
{Heap before GC invocations=1 (full 0):
 garbage-first heap   total 129024K, used 81486K [0x0000000080000000, 0x0000000100000000)
  region size 1024K, 75 young (76800K), 3 survivors (3072K)
 Metaspace       used 19175K, capacity 19608K, committed 19712K, reserved 1067008K
  class space    used 2304K, capacity 2457K, committed 2560K, reserved 1048576K
}
Event: 13.886 GC heap after
{Heap after GC invocations=2 (full 0):
 garbage-first heap   total 129024K, used 15859K [0x0000000080000000, 0x0000000100000000)
  region size 1024K, 10 young (10240K), 10 survivors (10240K)
 Metaspace       used 19175K, capacity 19608K, committed 19712K, reserved 1067008K
  class space    used 2304K, capacity 2457K, committed 2560K, reserved 1048576K
}
Event: 14.198 GC heap before
{Heap before GC invocations=2 (full 0):
 garbage-first heap   total 129024K, used 27123K [0x0000000080000000, 0x0000000100000000)
  region size 1024K, 22 young (22528K), 10 survivors (10240K)
 Metaspace       used 20764K, capacity 21196K, committed 21296K, reserved 1069056K
  class space    used 2520K, capacity 2671K, committed 2688K, reserved 1048576K
}
Event: 14.208 GC heap after
{Heap after GC invocations=3 (full 0):
 garbage-first heap   total 129024K, used 16115K [0x0000000080000000, 0x0000000100000000)
  region size 1024K, 1 young (1024K), 1 survivors (1024K)
 Metaspace       used 20764K, capacity 21196K, committed 21296K, reserved 1069056K
  class space    used 2520K, capacity 2671K, committed 2688K, reserved 1048576K
}
Event: 15.434 GC heap before
{Heap before GC invocations=4 (full 0):
 garbage-first heap   total 129024K, used 63219K [0x0000000080000000, 0x0000000100000000)
  region size 1024K, 47 young (48128K), 1 survivors (1024K)
 Metaspace       used 26232K, capacity 26848K, committed 27132K, reserved 1073152K
  class space    used 3394K, capacity 3601K, committed 3660K, reserved 1048576K
}
Event: 15.438 GC heap after
{Heap after GC invocations=5 (full 0):
 garbage-first heap   total 129024K, used 17738K [0x0000000080000000, 0x0000000100000000)
  region size 1024K, 3 young (3072K), 3 survivors (3072K)
 Metaspace       used 26232K, capacity 26848K, committed 27132K, reserved 1073152K
  class space    used 3394K, capacity 3601K, committed 3660K, reserved 1048576K
}
Event: 17.326 GC heap before
{Heap before GC invocations=5 (full 0):
 garbage-first heap   total 129024K, used 68938K [0x0000000080000000, 0x0000000100000000)
  region size 1024K, 54 young (55296K), 3 survivors (3072K)
 Metaspace       used 35232K, capacity 35958K, committed 36048K, reserved 1081344K
  class space    used 4549K, capacity 4850K, committed 4896K, reserved 1048576K
}
Event: 17.338 GC heap after
{Heap after GC invocations=6 (full 0):
 garbage-first heap   total 129024K, used 21016K [0x0000000080000000, 0x0000000100000000)
  region size 1024K, 6 young (6144K), 6 survivors (6144K)
 Metaspace       used 35232K, capacity 35958K, committed 36048K, reserved 1081344K
  class space    used 4549K, capacity 4850K, committed 4896K, reserved 1048576K
}
Event: 18.841 GC heap before
{Heap before GC invocations=7 (full 0):
 garbage-first heap   total 129024K, used 80408K [0x0000000080000000, 0x0000000100000000)
  region size 1024K, 61 young (62464K), 6 survivors (6144K)
 Metaspace       used 41043K, capacity 41828K, committed 42064K, reserved 1085440K
  class space    used 5195K, capacity 5498K, committed 5536K, reserved 1048576K
}
Event: 18.849 GC heap after
{Heap after GC invocations=8 (full 0):
 garbage-first heap   total 129024K, used 24690K [0x0000000080000000, 0x0000000100000000)
  region size 1024K, 7 young (7168K), 7 survivors (7168K)
 Metaspace       used 41043K, capacity 41828K, committed 42064K, reserved 1085440K
  class space    used 5195K, capacity 5498K, committed 5536K, reserved 1048576K
}
Event: 20.664 GC heap before
{Heap before GC invocations=8 (full 0):
 garbage-first heap   total 129024K, used 81010K [0x0000000080000000, 0x0000000100000000)
  region size 1024K, 63 young (64512K), 7 survivors (7168K)
 Metaspace       used 45215K, capacity 46204K, committed 46288K, reserved 1089536K
  class space    used 5759K, capacity 6129K, committed 6176K, reserved 1048576K
}
Event: 20.673 GC heap after
{Heap after GC invocations=9 (full 0):
 garbage-first heap   total 129024K, used 28030K [0x0000000080000000, 0x0000000100000000)
  region size 1024K, 7 young (7168K), 7 survivors (7168K)
 Metaspace       used 45215K, capacity 46204K, committed 46288K, reserved 1089536K
  class space    used 5759K, capacity 6129K, committed 6176K, reserved 1048576K
}
Event: 22.367 GC heap before
{Heap before GC invocations=9 (full 0):
 garbage-first heap   total 129024K, used 92542K [0x0000000080000000, 0x0000000100000000)
  region size 1024K, 64 young (65536K), 7 survivors (7168K)
 Metaspace       used 49711K, capacity 50865K, committed 50896K, reserved 1093632K
  class space    used 6276K, capacity 6683K, committed 6688K, reserved 1048576K
}
Event: 22.381 GC heap after
{Heap after GC invocations=10 (full 0):
 garbage-first heap   total 129024K, used 43934K [0x0000000080000000, 0x0000000100000000)
  region size 1024K, 8 young (8192K), 8 survivors (8192K)
 Metaspace       used 49711K, capacity 50865K, committed 50896K, reserved 1093632K
  class space    used 6276K, capacity 6683K, committed 6688K, reserved 1048576K
}
Event: 23.815 GC heap before
{Heap before GC invocations=10 (full 0):
 garbage-first heap   total 129024K, used 93086K [0x0000000080000000, 0x0000000100000000)
  region size 1024K, 56 young (57344K), 8 survivors (8192K)
 Metaspace       used 57230K, capacity 58559K, committed 58832K, reserved 1099776K
  class space    used 7230K, capacity 7685K, committed 7712K, reserved 1048576K
}
Event: 23.821 GC heap after
{Heap after GC invocations=11 (full 0):
 garbage-first heap   total 129024K, used 48439K [0x0000000080000000, 0x0000000100000000)
  region size 1024K, 4 young (4096K), 4 survivors (4096K)
 Metaspace       used 57230K, capacity 58559K, committed 58832K, reserved 1099776K
  class space    used 7230K, capacity 7685K, committed 7712K, reserved 1048576K
}
Event: 24.247 GC heap before
{Heap before GC invocations=11 (full 0):
 garbage-first heap   total 129024K, used 70967K [0x0000000080000000, 0x0000000100000000)
  region size 1024K, 28 young (28672K), 4 survivors (4096K)
 Metaspace       used 59083K, capacity 60481K, committed 60508K, reserved 1101824K
  class space    used 7473K, capacity 7956K, committed 7968K, reserved 1048576K
}
Event: 24.257 GC heap after
{Heap after GC invocations=12 (full 0):
 garbage-first heap   total 129024K, used 49701K [0x0000000080000000, 0x0000000100000000)
  region size 1024K, 5 young (5120K), 5 survivors (5120K)
 Metaspace       used 59083K, capacity 60481K, committed 60508K, reserved 1101824K
  class space    used 7473K, capacity 7956K, committed 7968K, reserved 1048576K
}
Event: 26.080 GC heap before
{Heap before GC invocations=13 (full 0):
 garbage-first heap   total 129024K, used 98853K [0x0000000080000000, 0x0000000100000000)
  region size 1024K, 52 young (53248K), 5 survivors (5120K)
 Metaspace       used 63133K, capacity 64601K, committed 64860K, reserved 1105920K
  class space    used 7953K, capacity 8467K, committed 8480K, reserved 1048576K
}
Event: 26.090 GC heap after
{Heap after GC invocations=14 (full 0):
 garbage-first heap   total 129024K, used 53270K [0x0000000080000000, 0x0000000100000000)
  region size 1024K, 6 young (6144K), 6 survivors (6144K)
 Metaspace       used 63133K, capacity 64601K, committed 64860K, reserved 1105920K
  class space    used 7953K, capacity 8467K, committed 8480K, reserved 1048576K
}

